<?xml version="1.0" encoding="UTF-8"?>
<testsuite name="com.publicis.sapient.codingTest.controller.CreditCardControllerTest" tests="3" skipped="0" failures="0" errors="0" timestamp="2018-11-08T20:23:15" hostname="Rodrigos-MacBook-Pro.local" time="0.47">
  <properties/>
  <testcase name="testA_addCreditCard_thenReturnCreditCard" classname="com.publicis.sapient.codingTest.controller.CreditCardControllerTest" time="0.271"/>
  <testcase name="testB_getAllCreditCardsAndExpectAnArrayWithOneEntry" classname="com.publicis.sapient.codingTest.controller.CreditCardControllerTest" time="0.171"/>
  <testcase name="testC_addThreeMoreCreditCardsAndExpectAnArrayWithFourEntries" classname="com.publicis.sapient.codingTest.controller.CreditCardControllerTest" time="0.028"/>
  <system-out><![CDATA[2018-11-08 18:23:13.692  INFO 19918 --- [    Test worker] .b.t.c.SpringBootTestContextBootstrapper : Neither @ContextConfiguration nor @ContextHierarchy found for test class [com.publicis.sapient.codingTest.controller.CreditCardControllerTest], using SpringBootContextLoader
2018-11-08 18:23:13.693  INFO 19918 --- [    Test worker] o.s.t.c.support.AbstractContextLoader    : Could not detect default resource locations for test class [com.publicis.sapient.codingTest.controller.CreditCardControllerTest]: no resource found for suffixes {-context.xml, Context.groovy}.
2018-11-08 18:23:13.694  INFO 19918 --- [    Test worker] t.c.s.AnnotationConfigContextLoaderUtils : Could not detect default configuration classes for test class [com.publicis.sapient.codingTest.controller.CreditCardControllerTest]: CreditCardControllerTest does not declare any static, non-private, non-final, nested classes annotated with @Configuration.
2018-11-08 18:23:13.709  INFO 19918 --- [    Test worker] .b.t.c.SpringBootTestContextBootstrapper : Found @SpringBootConfiguration com.publicis.sapient.codingTest.CodingTestApplication for test class com.publicis.sapient.codingTest.controller.CreditCardControllerTest
2018-11-08 18:23:13.710  INFO 19918 --- [    Test worker] .b.t.c.SpringBootTestContextBootstrapper : Loaded default TestExecutionListener class names from location [META-INF/spring.factories]: [org.springframework.boot.test.autoconfigure.restdocs.RestDocsTestExecutionListener, org.springframework.boot.test.autoconfigure.web.client.MockRestServiceServerResetTestExecutionListener, org.springframework.boot.test.autoconfigure.web.servlet.MockMvcPrintOnlyOnFailureTestExecutionListener, org.springframework.boot.test.autoconfigure.web.servlet.WebDriverTestExecutionListener, org.springframework.boot.test.mock.mockito.MockitoTestExecutionListener, org.springframework.boot.test.mock.mockito.ResetMocksTestExecutionListener, org.springframework.test.context.web.ServletTestExecutionListener, org.springframework.test.context.support.DirtiesContextBeforeModesTestExecutionListener, org.springframework.test.context.support.DependencyInjectionTestExecutionListener, org.springframework.test.context.support.DirtiesContextTestExecutionListener, org.springframework.test.context.transaction.TransactionalTestExecutionListener, org.springframework.test.context.jdbc.SqlScriptsTestExecutionListener]
2018-11-08 18:23:13.711  INFO 19918 --- [    Test worker] .b.t.c.SpringBootTestContextBootstrapper : Using TestExecutionListeners: [org.springframework.test.context.web.ServletTestExecutionListener@3ba249d5, org.springframework.test.context.support.DirtiesContextBeforeModesTestExecutionListener@45194e03, org.springframework.boot.test.mock.mockito.MockitoTestExecutionListener@71c15286, org.springframework.boot.test.autoconfigure.SpringBootDependencyInjectionTestExecutionListener@4c2bf495, org.springframework.test.context.support.DirtiesContextTestExecutionListener@656ef024, org.springframework.test.context.transaction.TransactionalTestExecutionListener@6a88d3dc, org.springframework.test.context.jdbc.SqlScriptsTestExecutionListener@1126e969, org.springframework.boot.test.autoconfigure.restdocs.RestDocsTestExecutionListener@2ba2884, org.springframework.boot.test.autoconfigure.web.client.MockRestServiceServerResetTestExecutionListener@10c70727, org.springframework.boot.test.autoconfigure.web.servlet.MockMvcPrintOnlyOnFailureTestExecutionListener@3cfd20d0, org.springframework.boot.test.autoconfigure.web.servlet.WebDriverTestExecutionListener@1a36eb87, org.springframework.boot.test.mock.mockito.ResetMocksTestExecutionListener@499b0e4d]

  .   ____          _            __ _ _
 /\\ / ___'_ __ _ _(_)_ __  __ _ \ \ \ \
( ( )\___ | '_ | '_| | '_ \/ _` | \ \ \ \
 \\/  ___)| |_)| | | | | || (_| |  ) ) ) )
  '  |____| .__|_| |_|_| |_\__, | / / / /
 =========|_|==============|___/=/_/_/_/
 :: Spring Boot ::        (v2.1.0.RELEASE)

2018-11-08 18:23:13.736  INFO 19918 --- [    Test worker] c.p.s.c.c.CreditCardControllerTest       : Starting CreditCardControllerTest on Rodrigos-MacBook-Pro.local with PID 19918 (started by rodrigo in /Users/rodrigo/Documents/work/sapient/codingTest/backend)
2018-11-08 18:23:13.737  INFO 19918 --- [    Test worker] c.p.s.c.c.CreditCardControllerTest       : No active profile set, falling back to default profiles: default
2018-11-08 18:23:13.739 DEBUG 19918 --- [    Test worker] o.s.w.c.s.GenericWebApplicationContext   : Refreshing org.springframework.web.context.support.GenericWebApplicationContext@2b02ea4
2018-11-08 18:23:14.019  INFO 19918 --- [    Test worker] .s.d.r.c.RepositoryConfigurationDelegate : Bootstrapping Spring Data repositories in DEFAULT mode.
2018-11-08 18:23:14.031  INFO 19918 --- [    Test worker] .s.d.r.c.RepositoryConfigurationDelegate : Finished Spring Data repository scanning in 12ms. Found 1 repository interfaces.
2018-11-08 18:23:14.140  INFO 19918 --- [    Test worker] trationDelegate$BeanPostProcessorChecker : Bean 'org.springframework.transaction.annotation.ProxyTransactionManagementConfiguration' of type [org.springframework.transaction.annotation.ProxyTransactionManagementConfiguration$$EnhancerBySpringCGLIB$$ae6c21a4] is not eligible for getting processed by all BeanPostProcessors (for example: not eligible for auto-proxying)
2018-11-08 18:23:14.168  INFO 19918 --- [    Test worker] trationDelegate$BeanPostProcessorChecker : Bean 'org.springframework.hateoas.config.HateoasConfiguration' of type [org.springframework.hateoas.config.HateoasConfiguration$$EnhancerBySpringCGLIB$$2dec6ed6] is not eligible for getting processed by all BeanPostProcessors (for example: not eligible for auto-proxying)
2018-11-08 18:23:14.277  INFO 19918 --- [    Test worker] com.zaxxer.hikari.HikariDataSource       : HikariPool-2 - Starting...
2018-11-08 18:23:14.278  INFO 19918 --- [    Test worker] com.zaxxer.hikari.HikariDataSource       : HikariPool-2 - Start completed.
2018-11-08 18:23:14.343  INFO 19918 --- [    Test worker] j.LocalContainerEntityManagerFactoryBean : Initialized JPA EntityManagerFactory for persistence unit 'default'
2018-11-08 18:23:14.706  WARN 19918 --- [    Test worker] aWebConfiguration$JpaWebMvcConfiguration : spring.jpa.open-in-view is enabled by default. Therefore, database queries may be performed during view rendering. Explicitly configure spring.jpa.open-in-view to disable this warning
2018-11-08 18:23:14.812 DEBUG 19918 --- [    Test worker] s.w.s.m.m.a.RequestMappingHandlerMapping : 8 mappings in 'requestMappingHandlerMapping'
2018-11-08 18:23:14.966  INFO 19918 --- [    Test worker] pertySourcedRequestMappingHandlerMapping : Mapped URL path [/v2/api-docs] onto method [public org.springframework.http.ResponseEntity<springfox.documentation.spring.web.json.Json> springfox.documentation.swagger2.web.Swagger2Controller.getDocumentation(java.lang.String,javax.servlet.http.HttpServletRequest)]
2018-11-08 18:23:15.114 DEBUG 19918 --- [    Test worker] o.s.w.s.handler.SimpleUrlHandlerMapping  : Patterns [/**/favicon.ico] in 'faviconHandlerMapping'
2018-11-08 18:23:15.177  INFO 19918 --- [    Test worker] o.s.s.concurrent.ThreadPoolTaskExecutor  : Initializing ExecutorService 'applicationTaskExecutor'
2018-11-08 18:23:15.192 DEBUG 19918 --- [    Test worker] s.w.s.m.m.a.RequestMappingHandlerAdapter : ControllerAdvice beans: 0 @ModelAttribute, 0 @InitBinder, 1 RequestBodyAdvice, 1, ResponseBodyAdvice
2018-11-08 18:23:15.206 DEBUG 19918 --- [    Test worker] o.s.w.s.handler.SimpleUrlHandlerMapping  : Patterns [/webjars/**, /**, /static/**] in 'resourceHandlerMapping'
2018-11-08 18:23:15.216 DEBUG 19918 --- [    Test worker] .m.m.a.ExceptionHandlerExceptionResolver : ControllerAdvice beans: 2 @ExceptionHandler, 1 ResponseBodyAdvice
2018-11-08 18:23:15.250  INFO 19918 --- [    Test worker] o.s.b.a.w.s.WelcomePageHandlerMapping    : Adding welcome page: class path resource [static/index.html]
2018-11-08 18:23:15.491  INFO 19918 --- [    Test worker] o.s.b.t.m.w.SpringBootMockServletContext : Initializing Spring TestDispatcherServlet ''
2018-11-08 18:23:15.492  INFO 19918 --- [    Test worker] o.s.t.web.servlet.TestDispatcherServlet  : Initializing Servlet ''
2018-11-08 18:23:15.509  INFO 19918 --- [    Test worker] o.s.t.web.servlet.TestDispatcherServlet  : Completed initialization in 17 ms
2018-11-08 18:23:15.525  INFO 19918 --- [    Test worker] d.s.w.p.DocumentationPluginsBootstrapper : Context refreshed
2018-11-08 18:23:15.526  INFO 19918 --- [    Test worker] d.s.w.p.DocumentationPluginsBootstrapper : Found 1 custom documentation plugin(s)
2018-11-08 18:23:15.532  INFO 19918 --- [    Test worker] s.d.s.w.s.ApiListingReferenceScanner     : Scanning for api listing references
2018-11-08 18:23:15.587  INFO 19918 --- [    Test worker] c.p.s.c.c.CreditCardControllerTest       : Started CreditCardControllerTest in 1.873 seconds (JVM running for 9.359)
2018-11-08 18:23:15.653 DEBUG 19918 --- [    Test worker] s.w.s.m.m.a.RequestMappingHandlerMapping : Mapped to public com.publicis.sapient.codingTest.entity.CreditCard com.publicis.sapient.codingTest.controller.CreditCardController.add(com.publicis.sapient.codingTest.entity.CreditCard)
2018-11-08 18:23:15.711 DEBUG 19918 --- [    Test worker] m.m.a.RequestResponseBodyMethodProcessor : Read "application/json;charset=UTF-8" to [java.lang.NullPointerException]
2018-11-08 18:23:15.813 DEBUG 19918 --- [    Test worker] m.m.a.RequestResponseBodyMethodProcessor : Using 'application/json', given [application/json] and supported [application/json, application/*+json, application/json, application/*+json]
2018-11-08 18:23:15.813 DEBUG 19918 --- [    Test worker] m.m.a.RequestResponseBodyMethodProcessor : Writing [com.publicis.sapient.codingTest.entity.CreditCard@9750cdc2]

MockHttpServletRequest:
      HTTP Method = POST
      Request URI = /api/creditCard/add
       Parameters = {}
          Headers = {Content-Type=[application/json;charset=UTF-8], Accept=[application/json]}
             Body = {"id":null,"name":"Bruce Wayne","number":"3333473618486114399","limit":1000.00,"balance":0.10}
    Session Attrs = {}

Handler:
             Type = com.publicis.sapient.codingTest.controller.CreditCardController
           Method = public com.publicis.sapient.codingTest.entity.CreditCard com.publicis.sapient.codingTest.controller.CreditCardController.add(com.publicis.sapient.codingTest.entity.CreditCard)

Async:
    Async started = false
     Async result = null

Resolved Exception:
             Type = null

ModelAndView:
        View name = null
             View = null
            Model = null

FlashMap:
       Attributes = null

MockHttpServletResponse:
           Status = 200
    Error message = null
          Headers = {Content-Type=[application/json;charset=UTF-8]}
     Content type = application/json;charset=UTF-8
             Body = {"id":1,"name":"Bruce Wayne","number":"3333473618486114399","limit":1000.00,"balance":0.10}
    Forwarded URL = null
   Redirected URL = null
          Cookies = []
2018-11-08 18:23:15.866 DEBUG 19918 --- [    Test worker] s.w.s.m.m.a.RequestMappingHandlerMapping : Mapped to public java.lang.Iterable<com.publicis.sapient.codingTest.entity.CreditCard> com.publicis.sapient.codingTest.controller.CreditCardController.getAll()
2018-11-08 18:23:16.022 DEBUG 19918 --- [    Test worker] m.m.a.RequestResponseBodyMethodProcessor : Using 'application/json', given [application/json] and supported [application/json, application/*+json, application/json, application/*+json]
2018-11-08 18:23:16.022 DEBUG 19918 --- [    Test worker] m.m.a.RequestResponseBodyMethodProcessor : Writing [[com.publicis.sapient.codingTest.entity.CreditCard@9750cdc2]]

MockHttpServletRequest:
      HTTP Method = GET
      Request URI = /api/creditCard/getAll
       Parameters = {}
          Headers = {Content-Type=[application/json;charset=UTF-8], Accept=[application/json]}
             Body = null
    Session Attrs = {}

Handler:
             Type = com.publicis.sapient.codingTest.controller.CreditCardController
           Method = public java.lang.Iterable<com.publicis.sapient.codingTest.entity.CreditCard> com.publicis.sapient.codingTest.controller.CreditCardController.getAll()

Async:
    Async started = false
     Async result = null

Resolved Exception:
             Type = null

ModelAndView:
        View name = null
             View = null
            Model = null

FlashMap:
       Attributes = null

MockHttpServletResponse:
           Status = 200
    Error message = null
          Headers = {Content-Type=[application/json;charset=UTF-8]}
     Content type = application/json;charset=UTF-8
             Body = [{"id":1,"name":"Bruce Wayne","number":"3333473618486114399","limit":1000.00,"balance":0.10}]
    Forwarded URL = null
   Redirected URL = null
          Cookies = []
2018-11-08 18:23:16.037 DEBUG 19918 --- [    Test worker] s.w.s.m.m.a.RequestMappingHandlerMapping : Mapped to public com.publicis.sapient.codingTest.entity.CreditCard com.publicis.sapient.codingTest.controller.CreditCardController.add(com.publicis.sapient.codingTest.entity.CreditCard)
2018-11-08 18:23:16.038 DEBUG 19918 --- [    Test worker] m.m.a.RequestResponseBodyMethodProcessor : Read "application/json;charset=UTF-8" to [java.lang.NullPointerException]
2018-11-08 18:23:16.040 DEBUG 19918 --- [    Test worker] m.m.a.RequestResponseBodyMethodProcessor : Using 'application/json', given [application/json] and supported [application/json, application/*+json, application/json, application/*+json]
2018-11-08 18:23:16.040 DEBUG 19918 --- [    Test worker] m.m.a.RequestResponseBodyMethodProcessor : Writing [com.publicis.sapient.codingTest.entity.CreditCard@97514221]

MockHttpServletRequest:
      HTTP Method = POST
      Request URI = /api/creditCard/add
       Parameters = {}
          Headers = {Content-Type=[application/json;charset=UTF-8], Accept=[application/json]}
             Body = {"id":null,"name":"Bruce Wayne","number":"3333473618486114399","limit":1000.00,"balance":0.10}
    Session Attrs = {}

Handler:
             Type = com.publicis.sapient.codingTest.controller.CreditCardController
           Method = public com.publicis.sapient.codingTest.entity.CreditCard com.publicis.sapient.codingTest.controller.CreditCardController.add(com.publicis.sapient.codingTest.entity.CreditCard)

Async:
    Async started = false
     Async result = null

Resolved Exception:
             Type = null

ModelAndView:
        View name = null
             View = null
            Model = null

FlashMap:
       Attributes = null

MockHttpServletResponse:
           Status = 200
    Error message = null
          Headers = {Content-Type=[application/json;charset=UTF-8]}
     Content type = application/json;charset=UTF-8
             Body = {"id":2,"name":"Bruce Wayne","number":"3333473618486114399","limit":1000.00,"balance":0.10}
    Forwarded URL = null
   Redirected URL = null
          Cookies = []
2018-11-08 18:23:16.044 DEBUG 19918 --- [    Test worker] s.w.s.m.m.a.RequestMappingHandlerMapping : Mapped to public com.publicis.sapient.codingTest.entity.CreditCard com.publicis.sapient.codingTest.controller.CreditCardController.add(com.publicis.sapient.codingTest.entity.CreditCard)
2018-11-08 18:23:16.045 DEBUG 19918 --- [    Test worker] m.m.a.RequestResponseBodyMethodProcessor : Read "application/json;charset=UTF-8" to [java.lang.NullPointerException]
2018-11-08 18:23:16.046 DEBUG 19918 --- [    Test worker] m.m.a.RequestResponseBodyMethodProcessor : Using 'application/json', given [application/json] and supported [application/json, application/*+json, application/json, application/*+json]
2018-11-08 18:23:16.047 DEBUG 19918 --- [    Test worker] m.m.a.RequestResponseBodyMethodProcessor : Writing [com.publicis.sapient.codingTest.entity.CreditCard@9751b680]

MockHttpServletRequest:
      HTTP Method = POST
      Request URI = /api/creditCard/add
       Parameters = {}
          Headers = {Content-Type=[application/json;charset=UTF-8], Accept=[application/json]}
             Body = {"id":null,"name":"Bruce Wayne","number":"3333473618486114399","limit":1000.00,"balance":0.10}
    Session Attrs = {}

Handler:
             Type = com.publicis.sapient.codingTest.controller.CreditCardController
           Method = public com.publicis.sapient.codingTest.entity.CreditCard com.publicis.sapient.codingTest.controller.CreditCardController.add(com.publicis.sapient.codingTest.entity.CreditCard)

Async:
    Async started = false
     Async result = null

Resolved Exception:
             Type = null

ModelAndView:
        View name = null
             View = null
            Model = null

FlashMap:
       Attributes = null

MockHttpServletResponse:
           Status = 200
    Error message = null
          Headers = {Content-Type=[application/json;charset=UTF-8]}
     Content type = application/json;charset=UTF-8
             Body = {"id":3,"name":"Bruce Wayne","number":"3333473618486114399","limit":1000.00,"balance":0.10}
    Forwarded URL = null
   Redirected URL = null
          Cookies = []
2018-11-08 18:23:16.050 DEBUG 19918 --- [    Test worker] s.w.s.m.m.a.RequestMappingHandlerMapping : Mapped to public com.publicis.sapient.codingTest.entity.CreditCard com.publicis.sapient.codingTest.controller.CreditCardController.add(com.publicis.sapient.codingTest.entity.CreditCard)
2018-11-08 18:23:16.051 DEBUG 19918 --- [    Test worker] m.m.a.RequestResponseBodyMethodProcessor : Read "application/json;charset=UTF-8" to [java.lang.NullPointerException]
2018-11-08 18:23:16.053 DEBUG 19918 --- [    Test worker] m.m.a.RequestResponseBodyMethodProcessor : Using 'application/json', given [application/json] and supported [application/json, application/*+json, application/json, application/*+json]
2018-11-08 18:23:16.054 DEBUG 19918 --- [    Test worker] m.m.a.RequestResponseBodyMethodProcessor : Writing [com.publicis.sapient.codingTest.entity.CreditCard@97522adf]

MockHttpServletRequest:
      HTTP Method = POST
      Request URI = /api/creditCard/add
       Parameters = {}
          Headers = {Content-Type=[application/json;charset=UTF-8], Accept=[application/json]}
             Body = {"id":null,"name":"Bruce Wayne","number":"3333473618486114399","limit":1000.00,"balance":0.10}
    Session Attrs = {}

Handler:
             Type = com.publicis.sapient.codingTest.controller.CreditCardController
           Method = public com.publicis.sapient.codingTest.entity.CreditCard com.publicis.sapient.codingTest.controller.CreditCardController.add(com.publicis.sapient.codingTest.entity.CreditCard)

Async:
    Async started = false
     Async result = null

Resolved Exception:
             Type = null

ModelAndView:
        View name = null
             View = null
            Model = null

FlashMap:
       Attributes = null

MockHttpServletResponse:
           Status = 200
    Error message = null
          Headers = {Content-Type=[application/json;charset=UTF-8]}
     Content type = application/json;charset=UTF-8
             Body = {"id":4,"name":"Bruce Wayne","number":"3333473618486114399","limit":1000.00,"balance":0.10}
    Forwarded URL = null
   Redirected URL = null
          Cookies = []
2018-11-08 18:23:16.057 DEBUG 19918 --- [    Test worker] s.w.s.m.m.a.RequestMappingHandlerMapping : Mapped to public java.lang.Iterable<com.publicis.sapient.codingTest.entity.CreditCard> com.publicis.sapient.codingTest.controller.CreditCardController.getAll()
2018-11-08 18:23:16.059 DEBUG 19918 --- [    Test worker] m.m.a.RequestResponseBodyMethodProcessor : Using 'application/json', given [application/json] and supported [application/json, application/*+json, application/json, application/*+json]
2018-11-08 18:23:16.060 DEBUG 19918 --- [    Test worker] m.m.a.RequestResponseBodyMethodProcessor : Writing [[com.publicis.sapient.codingTest.entity.CreditCard@9750cdc2, com.publicis.sapient.codingTest.entity.CreditCard@97514221, com.publicis.sapient.codingTest.entity.CreditCard@9751b680, com.publicis.sapient.codingTest.entity.CreditCard@97522adf]]

MockHttpServletRequest:
      HTTP Method = GET
      Request URI = /api/creditCard/getAll
       Parameters = {}
          Headers = {Content-Type=[application/json;charset=UTF-8], Accept=[application/json]}
             Body = null
    Session Attrs = {}

Handler:
             Type = com.publicis.sapient.codingTest.controller.CreditCardController
           Method = public java.lang.Iterable<com.publicis.sapient.codingTest.entity.CreditCard> com.publicis.sapient.codingTest.controller.CreditCardController.getAll()

Async:
    Async started = false
     Async result = null

Resolved Exception:
             Type = null

ModelAndView:
        View name = null
             View = null
            Model = null

FlashMap:
       Attributes = null

MockHttpServletResponse:
           Status = 200
    Error message = null
          Headers = {Content-Type=[application/json;charset=UTF-8]}
     Content type = application/json;charset=UTF-8
             Body = [{"id":1,"name":"Bruce Wayne","number":"3333473618486114399","limit":1000.00,"balance":0.10},{"id":2,"name":"Bruce Wayne","number":"3333473618486114399","limit":1000.00,"balance":0.10},{"id":3,"name":"Bruce Wayne","number":"3333473618486114399","limit":1000.00,"balance":0.10},{"id":4,"name":"Bruce Wayne","number":"3333473618486114399","limit":1000.00,"balance":0.10}]
    Forwarded URL = null
   Redirected URL = null
          Cookies = []
]]></system-out>
  <system-err><![CDATA[]]></system-err>
</testsuite>
