<?xml version="1.0" encoding="UTF-8"?>
<testsuite name="com.publicis.sapient.codingTest.controller.CreditCardControllerTest" tests="1" skipped="0" failures="0" errors="0" timestamp="2018-11-07T13:39:20" hostname="Rodrigos-MacBook-Pro.local" time="0.278">
  <properties/>
  <testcase name="addCreditCard_thenReturnCreditCard" classname="com.publicis.sapient.codingTest.controller.CreditCardControllerTest" time="0.278"/>
  <system-out><![CDATA[2018-11-07 11:39:18.439  INFO 5821 --- [    Test worker] .b.t.c.SpringBootTestContextBootstrapper : Neither @ContextConfiguration nor @ContextHierarchy found for test class [com.publicis.sapient.codingTest.controller.CreditCardControllerTest], using SpringBootContextLoader
2018-11-07 11:39:18.440  INFO 5821 --- [    Test worker] o.s.t.c.support.AbstractContextLoader    : Could not detect default resource locations for test class [com.publicis.sapient.codingTest.controller.CreditCardControllerTest]: no resource found for suffixes {-context.xml, Context.groovy}.
2018-11-07 11:39:18.440  INFO 5821 --- [    Test worker] t.c.s.AnnotationConfigContextLoaderUtils : Could not detect default configuration classes for test class [com.publicis.sapient.codingTest.controller.CreditCardControllerTest]: CreditCardControllerTest does not declare any static, non-private, non-final, nested classes annotated with @Configuration.
2018-11-07 11:39:18.455  INFO 5821 --- [    Test worker] .b.t.c.SpringBootTestContextBootstrapper : Found @SpringBootConfiguration com.publicis.sapient.codingTest.CodingTestApplication for test class com.publicis.sapient.codingTest.controller.CreditCardControllerTest
2018-11-07 11:39:18.456  INFO 5821 --- [    Test worker] .b.t.c.SpringBootTestContextBootstrapper : Loaded default TestExecutionListener class names from location [META-INF/spring.factories]: [org.springframework.boot.test.autoconfigure.restdocs.RestDocsTestExecutionListener, org.springframework.boot.test.autoconfigure.web.client.MockRestServiceServerResetTestExecutionListener, org.springframework.boot.test.autoconfigure.web.servlet.MockMvcPrintOnlyOnFailureTestExecutionListener, org.springframework.boot.test.autoconfigure.web.servlet.WebDriverTestExecutionListener, org.springframework.boot.test.mock.mockito.MockitoTestExecutionListener, org.springframework.boot.test.mock.mockito.ResetMocksTestExecutionListener, org.springframework.test.context.web.ServletTestExecutionListener, org.springframework.test.context.support.DirtiesContextBeforeModesTestExecutionListener, org.springframework.test.context.support.DependencyInjectionTestExecutionListener, org.springframework.test.context.support.DirtiesContextTestExecutionListener, org.springframework.test.context.transaction.TransactionalTestExecutionListener, org.springframework.test.context.jdbc.SqlScriptsTestExecutionListener]
2018-11-07 11:39:18.456  INFO 5821 --- [    Test worker] .b.t.c.SpringBootTestContextBootstrapper : Using TestExecutionListeners: [org.springframework.test.context.web.ServletTestExecutionListener@493159b7, org.springframework.test.context.support.DirtiesContextBeforeModesTestExecutionListener@226daca2, org.springframework.boot.test.mock.mockito.MockitoTestExecutionListener@272eb760, org.springframework.boot.test.autoconfigure.SpringBootDependencyInjectionTestExecutionListener@56156375, org.springframework.test.context.support.DirtiesContextTestExecutionListener@152a64e1, org.springframework.test.context.transaction.TransactionalTestExecutionListener@5aedd25a, org.springframework.test.context.jdbc.SqlScriptsTestExecutionListener@8aaebd0, org.springframework.boot.test.autoconfigure.restdocs.RestDocsTestExecutionListener@75d92f7b, org.springframework.boot.test.autoconfigure.web.client.MockRestServiceServerResetTestExecutionListener@3392404d, org.springframework.boot.test.autoconfigure.web.servlet.MockMvcPrintOnlyOnFailureTestExecutionListener@7593b67, org.springframework.boot.test.autoconfigure.web.servlet.WebDriverTestExecutionListener@58f2b437, org.springframework.boot.test.mock.mockito.ResetMocksTestExecutionListener@64ecfaa5]

  .   ____          _            __ _ _
 /\\ / ___'_ __ _ _(_)_ __  __ _ \ \ \ \
( ( )\___ | '_ | '_| | '_ \/ _` | \ \ \ \
 \\/  ___)| |_)| | | | | || (_| |  ) ) ) )
  '  |____| .__|_| |_|_| |_\__, | / / / /
 =========|_|==============|___/=/_/_/_/
 :: Spring Boot ::        (v2.1.0.RELEASE)

2018-11-07 11:39:18.481  INFO 5821 --- [    Test worker] c.p.s.c.c.CreditCardControllerTest       : Starting CreditCardControllerTest on Rodrigos-MacBook-Pro.local with PID 5821 (started by rodrigo in /Users/rodrigo/Documents/work/sapient/codingTest)
2018-11-07 11:39:18.482  INFO 5821 --- [    Test worker] c.p.s.c.c.CreditCardControllerTest       : No active profile set, falling back to default profiles: default
2018-11-07 11:39:18.484 DEBUG 5821 --- [    Test worker] o.s.w.c.s.GenericWebApplicationContext   : Refreshing org.springframework.web.context.support.GenericWebApplicationContext@2dc8eb9b
2018-11-07 11:39:18.998  INFO 5821 --- [    Test worker] .s.d.r.c.RepositoryConfigurationDelegate : Bootstrapping Spring Data repositories in DEFAULT mode.
2018-11-07 11:39:19.021  INFO 5821 --- [    Test worker] .s.d.r.c.RepositoryConfigurationDelegate : Finished Spring Data repository scanning in 19ms. Found 1 repository interfaces.
2018-11-07 11:39:19.298  INFO 5821 --- [    Test worker] trationDelegate$BeanPostProcessorChecker : Bean 'org.springframework.transaction.annotation.ProxyTransactionManagementConfiguration' of type [org.springframework.transaction.annotation.ProxyTransactionManagementConfiguration$$EnhancerBySpringCGLIB$$fc395bf9] is not eligible for getting processed by all BeanPostProcessors (for example: not eligible for auto-proxying)
2018-11-07 11:39:19.360  INFO 5821 --- [    Test worker] trationDelegate$BeanPostProcessorChecker : Bean 'org.springframework.hateoas.config.HateoasConfiguration' of type [org.springframework.hateoas.config.HateoasConfiguration$$EnhancerBySpringCGLIB$$7bb9a92b] is not eligible for getting processed by all BeanPostProcessors (for example: not eligible for auto-proxying)
2018-11-07 11:39:19.530  INFO 5821 --- [    Test worker] com.zaxxer.hikari.HikariDataSource       : HikariPool-2 - Starting...
2018-11-07 11:39:19.532  INFO 5821 --- [    Test worker] com.zaxxer.hikari.HikariDataSource       : HikariPool-2 - Start completed.
2018-11-07 11:39:19.611  INFO 5821 --- [    Test worker] j.LocalContainerEntityManagerFactoryBean : Initialized JPA EntityManagerFactory for persistence unit 'default'
2018-11-07 11:39:19.967  WARN 5821 --- [    Test worker] aWebConfiguration$JpaWebMvcConfiguration : spring.jpa.open-in-view is enabled by default. Therefore, database queries may be performed during view rendering. Explicitly configure spring.jpa.open-in-view to disable this warning
2018-11-07 11:39:20.001 DEBUG 5821 --- [    Test worker] s.w.s.m.m.a.RequestMappingHandlerMapping : 7 mappings in 'requestMappingHandlerMapping'
file:/Users/rodrigo/Documents/work/sapient/codingTest/build/classes/java/test/
2018-11-07 11:39:20.216 DEBUG 5821 --- [    Test worker] o.s.w.s.handler.SimpleUrlHandlerMapping  : Patterns [/**] in 'resourceHandlerMapping'
2018-11-07 11:39:20.249 DEBUG 5821 --- [    Test worker] s.w.s.m.m.a.RequestMappingHandlerAdapter : ControllerAdvice beans: 0 @ModelAttribute, 0 @InitBinder, 1 RequestBodyAdvice, 1, ResponseBodyAdvice
2018-11-07 11:39:20.259 DEBUG 5821 --- [    Test worker] .m.m.a.ExceptionHandlerExceptionResolver : ControllerAdvice beans: 2 @ExceptionHandler, 1 ResponseBodyAdvice
2018-11-07 11:39:20.319  INFO 5821 --- [    Test worker] pertySourcedRequestMappingHandlerMapping : Mapped URL path [/v2/api-docs] onto method [public org.springframework.http.ResponseEntity<springfox.documentation.spring.web.json.Json> springfox.documentation.swagger2.web.Swagger2Controller.getDocumentation(java.lang.String,javax.servlet.http.HttpServletRequest)]
2018-11-07 11:39:20.670  INFO 5821 --- [    Test worker] o.s.b.t.m.w.SpringBootMockServletContext : Initializing Spring TestDispatcherServlet ''
2018-11-07 11:39:20.671  INFO 5821 --- [    Test worker] o.s.t.web.servlet.TestDispatcherServlet  : Initializing Servlet ''
2018-11-07 11:39:20.686  INFO 5821 --- [    Test worker] o.s.t.web.servlet.TestDispatcherServlet  : Completed initialization in 15 ms
2018-11-07 11:39:20.701  INFO 5821 --- [    Test worker] d.s.w.p.DocumentationPluginsBootstrapper : Context refreshed
2018-11-07 11:39:20.702  INFO 5821 --- [    Test worker] d.s.w.p.DocumentationPluginsBootstrapper : Found 1 custom documentation plugin(s)
2018-11-07 11:39:20.709  INFO 5821 --- [    Test worker] s.d.s.w.s.ApiListingReferenceScanner     : Scanning for api listing references
2018-11-07 11:39:20.756  INFO 5821 --- [    Test worker] c.p.s.c.c.CreditCardControllerTest       : Started CreditCardControllerTest in 2.298 seconds (JVM running for 10.531)
2018-11-07 11:39:20.817 DEBUG 5821 --- [    Test worker] s.w.s.m.m.a.RequestMappingHandlerMapping : Mapped to public com.publicis.sapient.codingTest.entity.CreditCard com.publicis.sapient.codingTest.controller.CreditCardController.add(com.publicis.sapient.codingTest.entity.CreditCard)
2018-11-07 11:39:20.876 DEBUG 5821 --- [    Test worker] m.m.a.RequestResponseBodyMethodProcessor : Read "application/json;charset=UTF-8" to [com.publicis.sapient.codingTest.entity.CreditCard@1f378b6c]
2018-11-07 11:39:20.986 DEBUG 5821 --- [    Test worker] m.m.a.RequestResponseBodyMethodProcessor : Using 'application/json', given [application/json] and supported [application/json, application/*+json]
2018-11-07 11:39:20.987 DEBUG 5821 --- [    Test worker] m.m.a.RequestResponseBodyMethodProcessor : Writing [com.publicis.sapient.codingTest.entity.CreditCard@1f378b6c]

MockHttpServletRequest:
      HTTP Method = POST
      Request URI = /creditCard/add
       Parameters = {}
          Headers = {Content-Type=[application/json;charset=UTF-8], Accept=[application/json]}
             Body = {"name":"Credit card holder 1","number":"123456789012345","limit":1000,"balance":0.1000000000000000055511151231257827021181583404541015625}
    Session Attrs = {}

Handler:
             Type = com.publicis.sapient.codingTest.controller.CreditCardController
           Method = public com.publicis.sapient.codingTest.entity.CreditCard com.publicis.sapient.codingTest.controller.CreditCardController.add(com.publicis.sapient.codingTest.entity.CreditCard)

Async:
    Async started = false
     Async result = null

Resolved Exception:
             Type = null

ModelAndView:
        View name = null
             View = null
            Model = null

FlashMap:
       Attributes = null

MockHttpServletResponse:
           Status = 200
    Error message = null
          Headers = {Content-Type=[application/json;charset=UTF-8]}
     Content type = application/json;charset=UTF-8
             Body = {"name":"Credit card holder 1","number":"123456789012345","limit":1000,"balance":0.1000000000000000055511151231257827021181583404541015625}
    Forwarded URL = null
   Redirected URL = null
          Cookies = []
]]></system-out>
  <system-err><![CDATA[]]></system-err>
</testsuite>
