<?xml version="1.0" encoding="UTF-8"?>
<testsuite name="com.publicis.sapient.codingTest.CodingTestApplicationTests" tests="1" skipped="0" failures="0" errors="0" timestamp="2018-11-07T20:10:26" hostname="Rodrigos-MacBook-Pro.local" time="0.003">
  <properties/>
  <testcase name="contextLoads" classname="com.publicis.sapient.codingTest.CodingTestApplicationTests" time="0.003"/>
  <system-out><![CDATA[2018-11-07 18:10:25.054  INFO 8829 --- [    Test worker] .b.t.c.SpringBootTestContextBootstrapper : Neither @ContextConfiguration nor @ContextHierarchy found for test class [com.publicis.sapient.codingTest.CodingTestApplicationTests], using SpringBootContextLoader
2018-11-07 18:10:25.055  INFO 8829 --- [    Test worker] o.s.t.c.support.AbstractContextLoader    : Could not detect default resource locations for test class [com.publicis.sapient.codingTest.CodingTestApplicationTests]: no resource found for suffixes {-context.xml, Context.groovy}.
2018-11-07 18:10:25.055  INFO 8829 --- [    Test worker] t.c.s.AnnotationConfigContextLoaderUtils : Could not detect default configuration classes for test class [com.publicis.sapient.codingTest.CodingTestApplicationTests]: CodingTestApplicationTests does not declare any static, non-private, non-final, nested classes annotated with @Configuration.
2018-11-07 18:10:25.061  INFO 8829 --- [    Test worker] .b.t.c.SpringBootTestContextBootstrapper : Found @SpringBootConfiguration com.publicis.sapient.codingTest.CodingTestApplication for test class com.publicis.sapient.codingTest.CodingTestApplicationTests
2018-11-07 18:10:25.063  INFO 8829 --- [    Test worker] .b.t.c.SpringBootTestContextBootstrapper : Loaded default TestExecutionListener class names from location [META-INF/spring.factories]: [org.springframework.boot.test.autoconfigure.restdocs.RestDocsTestExecutionListener, org.springframework.boot.test.autoconfigure.web.client.MockRestServiceServerResetTestExecutionListener, org.springframework.boot.test.autoconfigure.web.servlet.MockMvcPrintOnlyOnFailureTestExecutionListener, org.springframework.boot.test.autoconfigure.web.servlet.WebDriverTestExecutionListener, org.springframework.boot.test.mock.mockito.MockitoTestExecutionListener, org.springframework.boot.test.mock.mockito.ResetMocksTestExecutionListener, org.springframework.test.context.web.ServletTestExecutionListener, org.springframework.test.context.support.DirtiesContextBeforeModesTestExecutionListener, org.springframework.test.context.support.DependencyInjectionTestExecutionListener, org.springframework.test.context.support.DirtiesContextTestExecutionListener, org.springframework.test.context.transaction.TransactionalTestExecutionListener, org.springframework.test.context.jdbc.SqlScriptsTestExecutionListener]
2018-11-07 18:10:25.063  INFO 8829 --- [    Test worker] .b.t.c.SpringBootTestContextBootstrapper : Using TestExecutionListeners: [org.springframework.test.context.web.ServletTestExecutionListener@33403377, org.springframework.test.context.support.DirtiesContextBeforeModesTestExecutionListener@29206259, org.springframework.boot.test.mock.mockito.MockitoTestExecutionListener@7525a7fb, org.springframework.boot.test.autoconfigure.SpringBootDependencyInjectionTestExecutionListener@2a07d2e2, org.springframework.test.context.support.DirtiesContextTestExecutionListener@18ee875e, org.springframework.test.context.transaction.TransactionalTestExecutionListener@32761cb0, org.springframework.test.context.jdbc.SqlScriptsTestExecutionListener@6a346f7a, org.springframework.boot.test.autoconfigure.restdocs.RestDocsTestExecutionListener@7eb0201c, org.springframework.boot.test.autoconfigure.web.client.MockRestServiceServerResetTestExecutionListener@12089ce3, org.springframework.boot.test.autoconfigure.web.servlet.MockMvcPrintOnlyOnFailureTestExecutionListener@1099818e, org.springframework.boot.test.autoconfigure.web.servlet.WebDriverTestExecutionListener@599f6358, org.springframework.boot.test.mock.mockito.ResetMocksTestExecutionListener@265008b7]

  .   ____          _            __ _ _
 /\\ / ___'_ __ _ _(_)_ __  __ _ \ \ \ \
( ( )\___ | '_ | '_| | '_ \/ _` | \ \ \ \
 \\/  ___)| |_)| | | | | || (_| |  ) ) ) )
  '  |____| .__|_| |_|_| |_\__, | / / / /
 =========|_|==============|___/=/_/_/_/
 :: Spring Boot ::        (v2.1.0.RELEASE)

2018-11-07 18:10:25.084  INFO 8829 --- [    Test worker] c.p.s.c.CodingTestApplicationTests       : Starting CodingTestApplicationTests on Rodrigos-MacBook-Pro.local with PID 8829 (started by rodrigo in /Users/rodrigo/Documents/work/sapient/codingTest/backend)
2018-11-07 18:10:25.085  INFO 8829 --- [    Test worker] c.p.s.c.CodingTestApplicationTests       : No active profile set, falling back to default profiles: default
2018-11-07 18:10:25.087 DEBUG 8829 --- [    Test worker] o.s.w.c.s.GenericWebApplicationContext   : Refreshing org.springframework.web.context.support.GenericWebApplicationContext@50496e11
2018-11-07 18:10:25.460  INFO 8829 --- [    Test worker] .s.d.r.c.RepositoryConfigurationDelegate : Bootstrapping Spring Data repositories in DEFAULT mode.
2018-11-07 18:10:25.474  INFO 8829 --- [    Test worker] .s.d.r.c.RepositoryConfigurationDelegate : Finished Spring Data repository scanning in 13ms. Found 1 repository interfaces.
2018-11-07 18:10:25.578  INFO 8829 --- [    Test worker] trationDelegate$BeanPostProcessorChecker : Bean 'org.springframework.transaction.annotation.ProxyTransactionManagementConfiguration' of type [org.springframework.transaction.annotation.ProxyTransactionManagementConfiguration$$EnhancerBySpringCGLIB$$e38016c1] is not eligible for getting processed by all BeanPostProcessors (for example: not eligible for auto-proxying)
2018-11-07 18:10:25.599  INFO 8829 --- [    Test worker] trationDelegate$BeanPostProcessorChecker : Bean 'org.springframework.hateoas.config.HateoasConfiguration' of type [org.springframework.hateoas.config.HateoasConfiguration$$EnhancerBySpringCGLIB$$630063f3] is not eligible for getting processed by all BeanPostProcessors (for example: not eligible for auto-proxying)
2018-11-07 18:10:25.693  INFO 8829 --- [    Test worker] com.zaxxer.hikari.HikariDataSource       : HikariPool-2 - Starting...
2018-11-07 18:10:25.694  INFO 8829 --- [    Test worker] com.zaxxer.hikari.HikariDataSource       : HikariPool-2 - Start completed.
2018-11-07 18:10:25.751  INFO 8829 --- [    Test worker] j.LocalContainerEntityManagerFactoryBean : Initialized JPA EntityManagerFactory for persistence unit 'default'
2018-11-07 18:10:26.087  WARN 8829 --- [    Test worker] aWebConfiguration$JpaWebMvcConfiguration : spring.jpa.open-in-view is enabled by default. Therefore, database queries may be performed during view rendering. Explicitly configure spring.jpa.open-in-view to disable this warning
2018-11-07 18:10:26.198 DEBUG 8829 --- [    Test worker] s.w.s.m.m.a.RequestMappingHandlerMapping : 8 mappings in 'requestMappingHandlerMapping'
2018-11-07 18:10:26.357  INFO 8829 --- [    Test worker] pertySourcedRequestMappingHandlerMapping : Mapped URL path [/v2/api-docs] onto method [public org.springframework.http.ResponseEntity<springfox.documentation.spring.web.json.Json> springfox.documentation.swagger2.web.Swagger2Controller.getDocumentation(java.lang.String,javax.servlet.http.HttpServletRequest)]
2018-11-07 18:10:26.515 DEBUG 8829 --- [    Test worker] o.s.w.s.handler.SimpleUrlHandlerMapping  : Patterns [/**/favicon.ico] in 'faviconHandlerMapping'
2018-11-07 18:10:26.574  INFO 8829 --- [    Test worker] o.s.s.concurrent.ThreadPoolTaskExecutor  : Initializing ExecutorService 'applicationTaskExecutor'
2018-11-07 18:10:26.585 DEBUG 8829 --- [    Test worker] s.w.s.m.m.a.RequestMappingHandlerAdapter : ControllerAdvice beans: 0 @ModelAttribute, 0 @InitBinder, 1 RequestBodyAdvice, 1, ResponseBodyAdvice
2018-11-07 18:10:26.599 DEBUG 8829 --- [    Test worker] o.s.w.s.handler.SimpleUrlHandlerMapping  : Patterns [/webjars/**, /**, /static/**] in 'resourceHandlerMapping'
2018-11-07 18:10:26.608 DEBUG 8829 --- [    Test worker] .m.m.a.ExceptionHandlerExceptionResolver : ControllerAdvice beans: 2 @ExceptionHandler, 1 ResponseBodyAdvice
2018-11-07 18:10:26.644  INFO 8829 --- [    Test worker] o.s.b.a.w.s.WelcomePageHandlerMapping    : Adding welcome page: class path resource [static/index.html]
2018-11-07 18:10:26.841  INFO 8829 --- [    Test worker] d.s.w.p.DocumentationPluginsBootstrapper : Context refreshed
2018-11-07 18:10:26.843  INFO 8829 --- [    Test worker] d.s.w.p.DocumentationPluginsBootstrapper : Found 1 custom documentation plugin(s)
2018-11-07 18:10:26.850  INFO 8829 --- [    Test worker] s.d.s.w.s.ApiListingReferenceScanner     : Scanning for api listing references
2018-11-07 18:10:26.901  INFO 8829 --- [    Test worker] c.p.s.c.CodingTestApplicationTests       : Started CodingTestApplicationTests in 1.836 seconds (JVM running for 9.605)
]]></system-out>
  <system-err><![CDATA[]]></system-err>
</testsuite>
