<?xml version="1.0" encoding="UTF-8"?>
<testsuite name="com.publicis.sapient.codingTest.CodingTestApplicationTests" tests="1" skipped="0" failures="0" errors="0" timestamp="2018-11-07T13:39:18" hostname="Rodrigos-MacBook-Pro.local" time="0.069">
  <properties/>
  <testcase name="contextLoads" classname="com.publicis.sapient.codingTest.CodingTestApplicationTests" time="0.069"/>
  <system-out><![CDATA[11:39:10.914 [Test worker] DEBUG org.springframework.test.context.junit4.SpringJUnit4ClassRunner - SpringJUnit4ClassRunner constructor called with [class com.publicis.sapient.codingTest.CodingTestApplicationTests]
11:39:10.922 [Test worker] DEBUG org.springframework.test.context.BootstrapUtils - Instantiating CacheAwareContextLoaderDelegate from class [org.springframework.test.context.cache.DefaultCacheAwareContextLoaderDelegate]
11:39:10.930 [Test worker] DEBUG org.springframework.test.context.BootstrapUtils - Instantiating BootstrapContext using constructor [public org.springframework.test.context.support.DefaultBootstrapContext(java.lang.Class,org.springframework.test.context.CacheAwareContextLoaderDelegate)]
11:39:10.947 [Test worker] DEBUG org.springframework.test.context.BootstrapUtils - Instantiating TestContextBootstrapper for test class [com.publicis.sapient.codingTest.CodingTestApplicationTests] from class [org.springframework.boot.test.context.SpringBootTestContextBootstrapper]
11:39:10.961 [Test worker] INFO org.springframework.boot.test.context.SpringBootTestContextBootstrapper - Neither @ContextConfiguration nor @ContextHierarchy found for test class [com.publicis.sapient.codingTest.CodingTestApplicationTests], using SpringBootContextLoader
11:39:10.964 [Test worker] DEBUG org.springframework.test.context.support.AbstractContextLoader - Did not detect default resource location for test class [com.publicis.sapient.codingTest.CodingTestApplicationTests]: class path resource [com/publicis/sapient/codingTest/CodingTestApplicationTests-context.xml] does not exist
11:39:10.965 [Test worker] DEBUG org.springframework.test.context.support.AbstractContextLoader - Did not detect default resource location for test class [com.publicis.sapient.codingTest.CodingTestApplicationTests]: class path resource [com/publicis/sapient/codingTest/CodingTestApplicationTestsContext.groovy] does not exist
11:39:10.965 [Test worker] INFO org.springframework.test.context.support.AbstractContextLoader - Could not detect default resource locations for test class [com.publicis.sapient.codingTest.CodingTestApplicationTests]: no resource found for suffixes {-context.xml, Context.groovy}.
11:39:10.966 [Test worker] INFO org.springframework.test.context.support.AnnotationConfigContextLoaderUtils - Could not detect default configuration classes for test class [com.publicis.sapient.codingTest.CodingTestApplicationTests]: CodingTestApplicationTests does not declare any static, non-private, non-final, nested classes annotated with @Configuration.
11:39:11.011 [Test worker] DEBUG org.springframework.test.context.support.ActiveProfilesUtils - Could not find an 'annotation declaring class' for annotation type [org.springframework.test.context.ActiveProfiles] and class [com.publicis.sapient.codingTest.CodingTestApplicationTests]
11:39:11.075 [Test worker] DEBUG org.springframework.context.annotation.ClassPathScanningCandidateComponentProvider - Identified candidate component class: file [/Users/rodrigo/Documents/work/sapient/codingTest/build/classes/java/main/com/publicis/sapient/codingTest/CodingTestApplication.class]
11:39:11.076 [Test worker] INFO org.springframework.boot.test.context.SpringBootTestContextBootstrapper - Found @SpringBootConfiguration com.publicis.sapient.codingTest.CodingTestApplication for test class com.publicis.sapient.codingTest.CodingTestApplicationTests
11:39:11.182 [Test worker] DEBUG org.springframework.boot.test.context.SpringBootTestContextBootstrapper - @TestExecutionListeners is not present for class [com.publicis.sapient.codingTest.CodingTestApplicationTests]: using defaults.
11:39:11.183 [Test worker] INFO org.springframework.boot.test.context.SpringBootTestContextBootstrapper - Loaded default TestExecutionListener class names from location [META-INF/spring.factories]: [org.springframework.boot.test.autoconfigure.restdocs.RestDocsTestExecutionListener, org.springframework.boot.test.autoconfigure.web.client.MockRestServiceServerResetTestExecutionListener, org.springframework.boot.test.autoconfigure.web.servlet.MockMvcPrintOnlyOnFailureTestExecutionListener, org.springframework.boot.test.autoconfigure.web.servlet.WebDriverTestExecutionListener, org.springframework.boot.test.mock.mockito.MockitoTestExecutionListener, org.springframework.boot.test.mock.mockito.ResetMocksTestExecutionListener, org.springframework.test.context.web.ServletTestExecutionListener, org.springframework.test.context.support.DirtiesContextBeforeModesTestExecutionListener, org.springframework.test.context.support.DependencyInjectionTestExecutionListener, org.springframework.test.context.support.DirtiesContextTestExecutionListener, org.springframework.test.context.transaction.TransactionalTestExecutionListener, org.springframework.test.context.jdbc.SqlScriptsTestExecutionListener]
11:39:11.204 [Test worker] INFO org.springframework.boot.test.context.SpringBootTestContextBootstrapper - Using TestExecutionListeners: [org.springframework.test.context.web.ServletTestExecutionListener@5c1b85da, org.springframework.test.context.support.DirtiesContextBeforeModesTestExecutionListener@15417fe7, org.springframework.boot.test.mock.mockito.MockitoTestExecutionListener@13287560, org.springframework.boot.test.autoconfigure.SpringBootDependencyInjectionTestExecutionListener@56da065e, org.springframework.test.context.support.DirtiesContextTestExecutionListener@56ef7c0a, org.springframework.test.context.transaction.TransactionalTestExecutionListener@48cf9f77, org.springframework.test.context.jdbc.SqlScriptsTestExecutionListener@189c607b, org.springframework.boot.test.autoconfigure.restdocs.RestDocsTestExecutionListener@1e726dc0, org.springframework.boot.test.autoconfigure.web.client.MockRestServiceServerResetTestExecutionListener@33d05d28, org.springframework.boot.test.autoconfigure.web.servlet.MockMvcPrintOnlyOnFailureTestExecutionListener@7d04802, org.springframework.boot.test.autoconfigure.web.servlet.WebDriverTestExecutionListener@7c346f3b, org.springframework.boot.test.mock.mockito.ResetMocksTestExecutionListener@71251110]
11:39:11.207 [Test worker] DEBUG org.springframework.test.annotation.ProfileValueUtils - Retrieved @ProfileValueSourceConfiguration [null] for test class [com.publicis.sapient.codingTest.CodingTestApplicationTests]
11:39:11.207 [Test worker] DEBUG org.springframework.test.annotation.ProfileValueUtils - Retrieved ProfileValueSource type [class org.springframework.test.annotation.SystemProfileValueSource] for class [com.publicis.sapient.codingTest.CodingTestApplicationTests]
11:39:11.208 [Test worker] DEBUG org.springframework.test.annotation.ProfileValueUtils - Retrieved @ProfileValueSourceConfiguration [null] for test class [com.publicis.sapient.codingTest.CodingTestApplicationTests]
11:39:11.208 [Test worker] DEBUG org.springframework.test.annotation.ProfileValueUtils - Retrieved ProfileValueSource type [class org.springframework.test.annotation.SystemProfileValueSource] for class [com.publicis.sapient.codingTest.CodingTestApplicationTests]
11:39:11.212 [Test worker] DEBUG org.springframework.test.context.support.AbstractDirtiesContextTestExecutionListener - Before test class: context [DefaultTestContext@1abee2a1 testClass = CodingTestApplicationTests, testInstance = [null], testMethod = [null], testException = [null], mergedContextConfiguration = [WebMergedContextConfiguration@78a902c7 testClass = CodingTestApplicationTests, locations = '{}', classes = '{class com.publicis.sapient.codingTest.CodingTestApplication}', contextInitializerClasses = '[]', activeProfiles = '{}', propertySourceLocations = '{}', propertySourceProperties = '{org.springframework.boot.test.context.SpringBootTestContextBootstrapper=true}', contextCustomizers = set[org.springframework.boot.test.autoconfigure.properties.PropertyMappingContextCustomizer@0, org.springframework.boot.test.autoconfigure.web.servlet.WebDriverContextCustomizerFactory$Customizer@38a0e31a, org.springframework.boot.test.context.filter.ExcludeFilterContextCustomizer@40ebb860, org.springframework.boot.test.json.DuplicateJsonObjectContextCustomizerFactory$DuplicateJsonObjectContextCustomizer@2b858424, org.springframework.boot.test.mock.mockito.MockitoContextCustomizer@0, org.springframework.boot.test.web.client.TestRestTemplateContextCustomizer@1297b5c], resourceBasePath = 'src/main/webapp', contextLoader = 'org.springframework.boot.test.context.SpringBootContextLoader', parent = [null]], attributes = map['org.springframework.test.context.web.ServletTestExecutionListener.activateListener' -> true]], class annotated with @DirtiesContext [false] with mode [null].
11:39:11.213 [Test worker] DEBUG org.springframework.test.annotation.ProfileValueUtils - Retrieved @ProfileValueSourceConfiguration [null] for test class [com.publicis.sapient.codingTest.CodingTestApplicationTests]
11:39:11.213 [Test worker] DEBUG org.springframework.test.annotation.ProfileValueUtils - Retrieved ProfileValueSource type [class org.springframework.test.annotation.SystemProfileValueSource] for class [com.publicis.sapient.codingTest.CodingTestApplicationTests]
11:39:11.229 [Test worker] DEBUG org.springframework.test.context.support.TestPropertySourceUtils - Adding inlined properties to environment: {spring.jmx.enabled=false, org.springframework.boot.test.context.SpringBootTestContextBootstrapper=true, server.port=-1}

  .   ____          _            __ _ _
 /\\ / ___'_ __ _ _(_)_ __  __ _ \ \ \ \
( ( )\___ | '_ | '_| | '_ \/ _` | \ \ \ \
 \\/  ___)| |_)| | | | | || (_| |  ) ) ) )
  '  |____| .__|_| |_|_| |_\__, | / / / /
 =========|_|==============|___/=/_/_/_/
 :: Spring Boot ::        (v2.1.0.RELEASE)

2018-11-07 11:39:11.470  INFO 5821 --- [    Test worker] c.p.s.c.CodingTestApplicationTests       : Starting CodingTestApplicationTests on Rodrigos-MacBook-Pro.local with PID 5821 (started by rodrigo in /Users/rodrigo/Documents/work/sapient/codingTest)
2018-11-07 11:39:11.471  INFO 5821 --- [    Test worker] c.p.s.c.CodingTestApplicationTests       : No active profile set, falling back to default profiles: default
2018-11-07 11:39:11.505 DEBUG 5821 --- [    Test worker] o.s.w.c.s.GenericWebApplicationContext   : Refreshing org.springframework.web.context.support.GenericWebApplicationContext@df1f064
2018-11-07 11:39:12.508  INFO 5821 --- [    Test worker] .s.d.r.c.RepositoryConfigurationDelegate : Bootstrapping Spring Data repositories in DEFAULT mode.
2018-11-07 11:39:12.569  INFO 5821 --- [    Test worker] .s.d.r.c.RepositoryConfigurationDelegate : Finished Spring Data repository scanning in 51ms. Found 1 repository interfaces.
2018-11-07 11:39:13.008  INFO 5821 --- [    Test worker] trationDelegate$BeanPostProcessorChecker : Bean 'org.springframework.transaction.annotation.ProxyTransactionManagementConfiguration' of type [org.springframework.transaction.annotation.ProxyTransactionManagementConfiguration$$EnhancerBySpringCGLIB$$fc395bf9] is not eligible for getting processed by all BeanPostProcessors (for example: not eligible for auto-proxying)
2018-11-07 11:39:13.054  INFO 5821 --- [    Test worker] trationDelegate$BeanPostProcessorChecker : Bean 'org.springframework.hateoas.config.HateoasConfiguration' of type [org.springframework.hateoas.config.HateoasConfiguration$$EnhancerBySpringCGLIB$$7bb9a92b] is not eligible for getting processed by all BeanPostProcessors (for example: not eligible for auto-proxying)
2018-11-07 11:39:13.267  INFO 5821 --- [    Test worker] com.zaxxer.hikari.HikariDataSource       : HikariPool-1 - Starting...
2018-11-07 11:39:13.476  INFO 5821 --- [    Test worker] com.zaxxer.hikari.HikariDataSource       : HikariPool-1 - Start completed.
2018-11-07 11:39:14.567  INFO 5821 --- [    Test worker] j.LocalContainerEntityManagerFactoryBean : Initialized JPA EntityManagerFactory for persistence unit 'default'
2018-11-07 11:39:15.730  WARN 5821 --- [    Test worker] aWebConfiguration$JpaWebMvcConfiguration : spring.jpa.open-in-view is enabled by default. Therefore, database queries may be performed during view rendering. Explicitly configure spring.jpa.open-in-view to disable this warning
2018-11-07 11:39:15.873 DEBUG 5821 --- [    Test worker] s.w.s.m.m.a.RequestMappingHandlerMapping : 7 mappings in 'requestMappingHandlerMapping'
file:/Users/rodrigo/Documents/work/sapient/codingTest/build/classes/java/test/
2018-11-07 11:39:16.618 DEBUG 5821 --- [    Test worker] o.s.w.s.handler.SimpleUrlHandlerMapping  : Patterns [/**] in 'resourceHandlerMapping'
2018-11-07 11:39:16.864 DEBUG 5821 --- [    Test worker] s.w.s.m.m.a.RequestMappingHandlerAdapter : ControllerAdvice beans: 0 @ModelAttribute, 0 @InitBinder, 1 RequestBodyAdvice, 1, ResponseBodyAdvice
2018-11-07 11:39:16.945 DEBUG 5821 --- [    Test worker] .m.m.a.ExceptionHandlerExceptionResolver : ControllerAdvice beans: 2 @ExceptionHandler, 1 ResponseBodyAdvice
2018-11-07 11:39:17.126  INFO 5821 --- [    Test worker] pertySourcedRequestMappingHandlerMapping : Mapped URL path [/v2/api-docs] onto method [public org.springframework.http.ResponseEntity<springfox.documentation.spring.web.json.Json> springfox.documentation.swagger2.web.Swagger2Controller.getDocumentation(java.lang.String,javax.servlet.http.HttpServletRequest)]
2018-11-07 11:39:18.081  INFO 5821 --- [    Test worker] d.s.w.p.DocumentationPluginsBootstrapper : Context refreshed
2018-11-07 11:39:18.109  INFO 5821 --- [    Test worker] d.s.w.p.DocumentationPluginsBootstrapper : Found 1 custom documentation plugin(s)
2018-11-07 11:39:18.142  INFO 5821 --- [    Test worker] s.d.s.w.s.ApiListingReferenceScanner     : Scanning for api listing references
2018-11-07 11:39:18.335  INFO 5821 --- [    Test worker] c.p.s.c.CodingTestApplicationTests       : Started CodingTestApplicationTests in 7.095 seconds (JVM running for 8.11)
]]></system-out>
  <system-err><![CDATA[]]></system-err>
</testsuite>
